#pH       total     NTR    1LYS    7GLU   13LYS   15HIS   18ASP   20TYR   23TYR   33LYS   35GLU   48ASP   52ASP   53TYR   66ASP   87ASP   96LYS   97LYS  101ASP  116LYS  119ASP     CTR
 0.00	 1.0000	 1.0000	 0.9984	 1.0000	 1.0000	 0.9984	 1.0000	 1.0000	 1.0000	 0.9998	 0.9618	 0.9903	 1.0000	 0.9892	 0.9808	 1.0000	 1.0000	 0.9998	 1.0000	 0.9966	 0.9754
 0.25	 1.0000	 1.0000	 0.9974	 1.0000	 0.9999	 0.9973	 1.0000	 1.0000	 1.0000	 0.9998	 0.9334	 0.9834	 1.0000	 0.9806	 0.9669	 1.0000	 1.0000	 0.9996	 1.0000	 0.9940	 0.9576
 0.50	 1.0000	 1.0000	 0.9951	 1.0000	 0.9999	 0.9951	 1.0000	 1.0000	 1.0000	 0.9995	 0.8902	 0.9718	 1.0000	 0.9652	 0.9408	 1.0000	 1.0000	 0.9992	 1.0000	 0.9891	 0.9265
 0.75	 1.0000	 1.0000	 0.9917	 1.0000	 0.9999	 0.9916	 1.0000	 1.0000	 1.0000	 0.9992	 0.8207	 0.9543	 1.0000	 0.9386	 0.9028	 1.0000	 1.0000	 0.9987	 1.0000	 0.9818	 0.8768
 1.00	 1.0000	 1.0000	 0.9854	 1.0000	 0.9999	 0.9852	 1.0000	 1.0000	 1.0000	 0.9988	 0.7270	 0.9263	 1.0000	 0.8989	 0.8389	 1.0000	 1.0000	 0.9978	 1.0000	 0.9668	 0.7980
 1.25	 1.0000	 1.0000	 0.9763	 1.0000	 0.9998	 0.9745	 1.0000	 1.0000	 1.0000	 0.9980	 0.6168	 0.8893	 1.0000	 0.8395	 0.7498	 1.0000	 1.0000	 0.9960	 1.0000	 0.9440	 0.6949
 1.50	 1.0000	 1.0000	 0.9590	 1.0000	 0.9998	 0.9568	 1.0000	 1.0000	 1.0000	 0.9970	 0.4958	 0.8401	 1.0000	 0.7630	 0.6272	 1.0000	 1.0000	 0.9932	 1.0000	 0.9043	 0.5636
 1.75	 1.0000	 1.0000	 0.9305	 1.0000	 0.9994	 0.9312	 1.0000	 1.0000	 1.0000	 0.9947	 0.3812	 0.7775	 1.0000	 0.6532	 0.4917	 1.0000	 1.0000	 0.9877	 1.0000	 0.8380	 0.4294
 2.00	 1.0000	 1.0000	 0.8873	 1.0000	 0.9994	 0.8896	 1.0000	 1.0000	 1.0000	 0.9918	 0.2867	 0.7016	 1.0000	 0.5329	 0.3576	 1.0000	 1.0000	 0.9796	 1.0000	 0.7516	 0.3074
 2.25	 0.9999	 1.0000	 0.8206	 1.0000	 0.9988	 0.8293	 1.0000	 1.0000	 1.0000	 0.9882	 0.2105	 0.6063	 1.0000	 0.4043	 0.2407	 1.0000	 1.0000	 0.9636	 1.0000	 0.6304	 0.2044
 2.50	 0.9998	 1.0000	 0.7269	 1.0000	 0.9986	 0.7418	 1.0000	 1.0000	 1.0000	 0.9827	 0.1516	 0.5010	 1.0000	 0.2909	 0.1513	 1.0000	 1.0000	 0.9371	 1.0000	 0.4930	 0.1375
 2.75	 0.9997	 1.0000	 0.6039	 1.0000	 0.9973	 0.6295	 1.0000	 1.0000	 1.0000	 0.9751	 0.1051	 0.3797	 1.0000	 0.1930	 0.0943	 1.0000	 1.0000	 0.8950	 1.0000	 0.3624	 0.0867
 3.00	 0.9995	 1.0000	 0.4691	 1.0000	 0.9956	 0.4970	 1.0000	 1.0000	 1.0000	 0.9636	 0.0674	 0.2764	 1.0000	 0.1233	 0.0555	 1.0000	 1.0000	 0.8291	 1.0000	 0.2428	 0.0524
 3.25	 0.9994	 1.0000	 0.3328	 1.0000	 0.9942	 0.3648	 1.0000	 1.0000	 1.0000	 0.9467	 0.0444	 0.1856	 1.0000	 0.0786	 0.0321	 1.0000	 1.0000	 0.7342	 1.0000	 0.1595	 0.0339
 3.50	 0.9991	 1.0000	 0.2247	 1.0000	 0.9894	 0.2449	 1.0000	 1.0000	 1.0000	 0.9232	 0.0294	 0.1226	 1.0000	 0.0471	 0.0179	 1.0000	 1.0000	 0.6110	 1.0000	 0.0931	 0.0188
 3.75	 0.9981	 1.0000	 0.1371	 1.0000	 0.9815	 0.1585	 1.0000	 1.0000	 1.0000	 0.8848	 0.0174	 0.0822	 1.0000	 0.0276	 0.0119	 1.0000	 1.0000	 0.4703	 1.0000	 0.0569	 0.0125
 4.00	 0.9969	 1.0000	 0.0842	 1.0000	 0.9672	 0.0964	 1.0000	 1.0000	 1.0000	 0.8240	 0.0083	 0.0580	 1.0000	 0.0167	 0.0062	 1.0000	 1.0000	 0.3351	 1.0000	 0.0335	 0.0080
 4.25	 0.9945	 1.0000	 0.0480	 1.0000	 0.9446	 0.0566	 1.0000	 1.0000	 1.0000	 0.7401	 0.0047	 0.0393	 1.0000	 0.0089	 0.0033	 1.0000	 1.0000	 0.2245	 1.0000	 0.0197	 0.0044
 4.50	 0.9912	 1.0000	 0.0271	 1.0000	 0.9074	 0.0350	 1.0000	 1.0000	 1.0000	 0.6219	 0.0038	 0.0294	 1.0000	 0.0051	 0.0016	 1.0000	 1.0000	 0.1392	 1.0000	 0.0103	 0.0028
 4.75	 0.9841	 1.0000	 0.0160	 1.0000	 0.8484	 0.0192	 1.0000	 1.0000	 0.9999	 0.4869	 0.0018	 0.0182	 1.0000	 0.0027	 0.0016	 1.0000	 1.0000	 0.0833	 1.0000	 0.0064	 0.0016
 5.00	 0.9741	 1.0000	 0.0093	 1.0000	 0.7608	 0.0116	 1.0000	 0.9999	 0.9999	 0.3477	 0.0015	 0.0131	 1.0000	 0.0016	 0.0011	 1.0000	 1.0000	 0.0498	 1.0000	 0.0033	 0.0009
 5.25	 0.9526	 1.0000	 0.0056	 1.0000	 0.6458	 0.0065	 1.0000	 0.9999	 0.9997	 0.2399	 0.0006	 0.0076	 1.0000	 0.0009	 0.0007	 1.0000	 1.0000	 0.0290	 1.0000	 0.0018	 0.0004
 5.50	 0.9188	 1.0000	 0.0033	 1.0000	 0.5077	 0.0036	 1.0000	 0.9999	 0.9994	 0.1484	 0.0003	 0.0048	 1.0000	 0.0005	 0.0005	 1.0000	 1.0000	 0.0164	 1.0000	 0.0011	 0.0005
 5.75	 0.8679	 1.0000	 0.0015	 1.0000	 0.3681	 0.0019	 0.9999	 0.9999	 0.9994	 0.0915	 0.0002	 0.0025	 1.0000	 0.0002	 0.0004	 1.0000	 1.0000	 0.0102	 0.9999	 0.0009	 0.0002
 6.00	 0.7896	 0.9999	 0.0008	 1.0000	 0.2508	 0.0012	 0.9999	 0.9998	 0.9989	 0.0552	 0.0001	 0.0016	 1.0000	 0.0002	 0.0002	 1.0000	 1.0000	 0.0062	 0.9999	 0.0007	 0.0001
 6.25	 0.6812	 0.9999	 0.0006	 1.0000	 0.1610	 0.0007	 0.9998	 0.9995	 0.9973	 0.0320	 0.0000	 0.0009	 1.0000	 0.0000	 0.0002	 1.0000	 1.0000	 0.0032	 0.9997	 0.0005	 0.0000
 6.50	 0.5463	 0.9998	 0.0004	 0.9999	 0.0983	 0.0005	 0.9996	 0.9990	 0.9950	 0.0170	 0.0000	 0.0005	 1.0000	 0.0000	 0.0001	 1.0000	 0.9999	 0.0018	 0.9996	 0.0003	 0.0001
 6.75	 0.4059	 0.9998	 0.0001	 0.9999	 0.0590	 0.0001	 0.9994	 0.9980	 0.9917	 0.0103	 0.0000	 0.0004	 1.0000	 0.0000	 0.0001	 0.9999	 0.9999	 0.0009	 0.9994	 0.0001	 0.0001
 7.00	 0.2769	 0.9995	 0.0000	 0.9999	 0.0338	 0.0001	 0.9991	 0.9967	 0.9859	 0.0061	 0.0000	 0.0001	 1.0000	 0.0000	 0.0000	 0.9999	 0.9998	 0.0004	 0.9990	 0.0001	 0.0000
 7.25	 0.1775	 0.9992	 0.0001	 0.9998	 0.0195	 0.0001	 0.9985	 0.9943	 0.9750	 0.0032	 0.0000	 0.0000	 1.0000	 0.0000	 0.0000	 0.9997	 0.9999	 0.0004	 0.9982	 0.0000	 0.0000
 7.50	 0.1097	 0.9991	 0.0001	 0.9997	 0.0108	 0.0000	 0.9970	 0.9897	 0.9590	 0.0021	 0.0000	 0.0000	 1.0000	 0.0000	 0.0000	 0.9996	 0.9998	 0.0003	 0.9967	 0.0000	 0.0000
 7.75	 0.0653	 0.9976	 0.0000	 0.9995	 0.0064	 0.0000	 0.9950	 0.9829	 0.9277	 0.0008	 0.0000	 0.0001	 0.9999	 0.0000	 0.0000	 0.9992	 0.9996	 0.0002	 0.9943	 0.0000	 0.0000
 8.00	 0.0381	 0.9956	 0.0000	 0.9994	 0.0032	 0.0000	 0.9909	 0.9698	 0.8784	 0.0004	 0.0000	 0.0000	 0.9998	 0.0000	 0.0000	 0.9988	 0.9993	 0.0002	 0.9905	 0.0000	 0.0000
 8.25	 0.0216	 0.9923	 0.0000	 0.9986	 0.0020	 0.0000	 0.9844	 0.9478	 0.8011	 0.0003	 0.0000	 0.0000	 0.9997	 0.0000	 0.0000	 0.9980	 0.9987	 0.0001	 0.9829	 0.0000	 0.0000
 8.50	 0.0126	 0.9878	 0.0000	 0.9978	 0.0012	 0.0000	 0.9731	 0.9138	 0.6908	 0.0004	 0.0000	 0.0000	 0.9992	 0.0000	 0.0000	 0.9959	 0.9971	 0.0000	 0.9703	 0.0000	 0.0000
 8.75	 0.0075	 0.9775	 0.0000	 0.9966	 0.0007	 0.0000	 0.9533	 0.8588	 0.5590	 0.0001	 0.0000	 0.0000	 0.9986	 0.0000	 0.0000	 0.9926	 0.9951	 0.0000	 0.9489	 0.0000	 0.0000
 9.00	 0.0042	 0.9607	 0.0000	 0.9927	 0.0004	 0.0000	 0.9213	 0.7771	 0.4174	 0.0000	 0.0000	 0.0000	 0.9978	 0.0000	 0.0000	 0.9877	 0.9899	 0.0000	 0.9145	 0.0000	 0.0000
 9.25	 0.0025	 0.9340	 0.0000	 0.9882	 0.0002	 0.0000	 0.8709	 0.6716	 0.2879	 0.0000	 0.0000	 0.0000	 0.9959	 0.0000	 0.0000	 0.9780	 0.9835	 0.0000	 0.8691	 0.0000	 0.0000
 9.50	 0.0015	 0.8896	 0.0000	 0.9801	 0.0001	 0.0000	 0.8018	 0.5525	 0.1854	 0.0000	 0.0000	 0.0000	 0.9932	 0.0000	 0.0000	 0.9647	 0.9718	 0.0000	 0.7934	 0.0000	 0.0000
 9.75	 0.0009	 0.8206	 0.0000	 0.9648	 0.0001	 0.0000	 0.7117	 0.4282	 0.1141	 0.0000	 0.0000	 0.0000	 0.9874	 0.0000	 0.0000	 0.9443	 0.9542	 0.0000	 0.6984	 0.0000	 0.0000
10.00	 0.0006	 0.7187	 0.0000	 0.9380	 0.0001	 0.0000	 0.6020	 0.3201	 0.0683	 0.0000	 0.0000	 0.0000	 0.9778	 0.0000	 0.0000	 0.9190	 0.9219	 0.0000	 0.5786	 0.0000	 0.0000
10.25	 0.0004	 0.5917	 0.0000	 0.9000	 0.0000	 0.0000	 0.4887	 0.2263	 0.0381	 0.0000	 0.0000	 0.0000	 0.9622	 0.0000	 0.0000	 0.8830	 0.8834	 0.0000	 0.4535	 0.0000	 0.0000
10.50	 0.0001	 0.4524	 0.0000	 0.8336	 0.0000	 0.0000	 0.3828	 0.1550	 0.0243	 0.0000	 0.0000	 0.0000	 0.9348	 0.0000	 0.0000	 0.8348	 0.8182	 0.0000	 0.3244	 0.0000	 0.0000
10.75	 0.0001	 0.3201	 0.0000	 0.7435	 0.0000	 0.0000	 0.2945	 0.0999	 0.0134	 0.0000	 0.0000	 0.0000	 0.8907	 0.0000	 0.0000	 0.7729	 0.7348	 0.0000	 0.2188	 0.0000	 0.0000
11.00	 0.0001	 0.2078	 0.0000	 0.6278	 0.0000	 0.0000	 0.2249	 0.0609	 0.0074	 0.0000	 0.0000	 0.0000	 0.8201	 0.0000	 0.0000	 0.6983	 0.6296	 0.0000	 0.1382	 0.0000	 0.0000
11.25	 0.0001	 0.1320	 0.0000	 0.4930	 0.0000	 0.0000	 0.1743	 0.0386	 0.0044	 0.0000	 0.0000	 0.0000	 0.7209	 0.0000	 0.0000	 0.6029	 0.5043	 0.0000	 0.0830	 0.0000	 0.0000
11.50	 0.0000	 0.0774	 0.0000	 0.3552	 0.0000	 0.0000	 0.1293	 0.0234	 0.0023	 0.0000	 0.0000	 0.0000	 0.5917	 0.0000	 0.0000	 0.4971	 0.3794	 0.0000	 0.0492	 0.0000	 0.0000
11.75	 0.0000	 0.0472	 0.0000	 0.2409	 0.0000	 0.0000	 0.0928	 0.0127	 0.0014	 0.0000	 0.0000	 0.0000	 0.4543	 0.0000	 0.0000	 0.3838	 0.2718	 0.0000	 0.0291	 0.0000	 0.0000
12.00	 0.0000	 0.0272	 0.0000	 0.1525	 0.0000	 0.0000	 0.0640	 0.0078	 0.0008	 0.0000	 0.0000	 0.0000	 0.3157	 0.0000	 0.0000	 0.2724	 0.1788	 0.0000	 0.0157	 0.0000	 0.0000