    1 NTR 6.582472482456453    A  
    1 LYS 10.414573315151081   A  
    7 GLU 2.9426193036449257   A  
   13 LYS 11.236965550487634   A  
   15 HIS 5.513843619040797    A  
   18 ASP 2.9942470197676174   A  
   20 TYR 10.224996689764753   A  
   23 TYR 9.605607871544127    A  
   33 LYS 8.85415857662301     A  
   35 GLU 4.725764030375996    A  
   48 ASP 1.4912913223140496   A  
   52 ASP 2.501968503937008    A  
   53 TYR 11.66686370084755    A  
   66 ASP 2.0639912178440976   A  
   87 ASP 1.734698959639932    A  
   96 LYS 11.493099210663138   A  
   97 LYS 11.258673122324037   A  
  101 ASP 3.6972252835152335   A  
  116 LYS 10.157091759251859   A  
  119 ASP 2.4872375650402065   A  
  129 CTR 1.6185107889539      A  
